android/HealthSchedule/app/build/intermediates/manifest_merge_blame_file/debug/manifest-merger-blame-debug-report.txt
1<?xml version="1.0" encoding="utf-8"?>
2<manifest xmlns:android="http://schemas.android.com/apk/res/android"
3    package="amsi.dei.estg.ipleiria.healthschedule"
4    android:versionCode="1"
5    android:versionName="1.0" >
6
7    <uses-sdk
8        android:minSdkVersion="19"
8-->src\main\AndroidManifest.xml
9        android:targetSdkVersion="29" />
9-->src\main\AndroidManifest.xml
10
11    <uses-permission android:name="android.permission.INTERNET" />
11-->src\main\AndroidManifest.xml:29:5-67
11-->src\main\AndroidManifest.xml:29:22-64
12    <uses-permission android:name="android.permission.READ_EXTERNAL_STORAGE" />
12-->src\main\AndroidManifest.xml:30:5-80
12-->src\main\AndroidManifest.xml:30:22-77
13    <uses-permission android:name="android.permission.WRITE_EXTERNAL_STORAGE" />
13-->src\main\AndroidManifest.xml:31:5-81
13-->src\main\AndroidManifest.xml:31:22-78
14    <uses-permission android:name="android.permission.ACCESS_NETWORK_STATE" />
14-->src\main\AndroidManifest.xml:32:5-79
14-->src\main\AndroidManifest.xml:32:22-76
15
16    <application
16-->src\main\AndroidManifest.xml:5:5-28:19
17        android:allowBackup="true"
17-->src\main\AndroidManifest.xml:6:9-35
18        android:appComponentFactory="androidx.core.app.CoreComponentFactory"
18-->[androidx.core:core:1.3.1] AndroidManifest.xml:24:18-86
19        android:debuggable="true"
20        android:icon="@mipmap/ic_launcher"
20-->src\main\AndroidManifest.xml:7:9-43
21        android:label="@string/app_name"
21-->src\main\AndroidManifest.xml:8:9-41
22        android:roundIcon="@mipmap/ic_launcher_round"
22-->src\main\AndroidManifest.xml:9:9-54
23        android:supportsRtl="true"
23-->src\main\AndroidManifest.xml:10:9-35
24        android:testOnly="true"
25        android:theme="@style/AppTheme"
25-->src\main\AndroidManifest.xml:11:9-40
26        android:usesCleartextTraffic="true" >
26-->src\main\AndroidManifest.xml:12:9-44
27        <activity
27-->src\main\AndroidManifest.xml:13:9-16:59
28            android:name="amsi.dei.estg.ipleiria.healthschedule.views.MenuMainActivity"
28-->src\main\AndroidManifest.xml:13:19-57
29            android:launchMode="singleTop"
29-->src\main\AndroidManifest.xml:14:13-43
30            android:screenOrientation="portrait"
30-->src\main\AndroidManifest.xml:15:13-49
31            android:theme="@style/AppTheme.NoActionBar" />
31-->src\main\AndroidManifest.xml:16:13-56
32        <activity android:name="amsi.dei.estg.ipleiria.healthschedule.views.ListaMedicosActivity" />
32-->src\main\AndroidManifest.xml:17:9-64
32-->src\main\AndroidManifest.xml:17:19-61
33        <activity android:name="amsi.dei.estg.ipleiria.healthschedule.views.PerfilActivity" />
33-->src\main\AndroidManifest.xml:18:9-58
33-->src\main\AndroidManifest.xml:18:19-55
34        <activity android:name="amsi.dei.estg.ipleiria.healthschedule.views.ListaMedicamentosActivity" />
34-->src\main\AndroidManifest.xml:19:9-69
34-->src\main\AndroidManifest.xml:19:19-66
35        <activity android:name="amsi.dei.estg.ipleiria.healthschedule.views.MarcacaoActivity" />
35-->src\main\AndroidManifest.xml:20:9-60
35-->src\main\AndroidManifest.xml:20:19-57
36        <activity android:name="amsi.dei.estg.ipleiria.healthschedule.views.LoginActivity" >
36-->src\main\AndroidManifest.xml:21:9-27:20
36-->src\main\AndroidManifest.xml:21:19-54
37            <intent-filter>
37-->src\main\AndroidManifest.xml:22:13-26:29
38                <action android:name="android.intent.action.MAIN" />
38-->src\main\AndroidManifest.xml:23:17-69
38-->src\main\AndroidManifest.xml:23:25-66
39
40                <category android:name="android.intent.category.LAUNCHER" />
40-->src\main\AndroidManifest.xml:25:17-77
40-->src\main\AndroidManifest.xml:25:27-74
41            </intent-filter>
42        </activity>
43    </application>
44
45</manifest>